This file contains any messages produced by compilers while
running configure, to aid debugging if configure makes a mistake.

It was created by tcc configure 0.2, which was
generated by GNU Autoconf 2.59.  Invocation command line was

  $ ./configure 

## --------- ##
## Platform. ##
## --------- ##

hostname = NL-NIE-L081745
uname -m = i686
uname -r = 1.0.8(0.46/3/2)
uname -s = MINGW32_NT-5.1
uname -v = 2002-12-09 07:58

/usr/bin/uname -p = unknown
/bin/uname -X     = unknown

/bin/arch              = unknown
/usr/bin/arch -k       = unknown
/usr/convex/getsysinfo = unknown
hostinfo               = unknown
/bin/machine           = unknown
/usr/bin/oslevel       = unknown
/bin/universe          = unknown

PATH: .
PATH: /usr/local/bin
PATH: /mingw/bin
PATH: /bin
PATH: /c/Program Files/PC Connectivity Solution/
PATH: /c/Tcl/bin
PATH: /c/Perl/bin/
PATH: /c/Program Files/Java/jdk1.5.0_08/bin
PATH: /c/WINDOWS/system32
PATH: /c/WINDOWS
PATH: /c/WINDOWS/System32/WBEM
PATH: /c/Program Files/Subversion/bin
PATH: /c/Program Files/OpenSSH/bin
PATH: /c/Program Files/VDMSound/
PATH: /c/Mercurial
PATH: /c/Program Files/Intuwave/Shared/mRouterRuntime
PATH: /c/git/usr/bin
PATH: /c/usr/local/wbin/
PATH: /c/emacs/bin
PATH: /c/Documents and Settings/mjanssen/My Documents/bin
PATH: /c/Vim/vim70


## ----------- ##
## Core tests. ##
## ----------- ##

configure:1211: loading site script /etc/config.site
| lt_cv_cc_dll_switch=${lt_cv_cc_dll_switch=-mdll}
| lt_cv_compiler_c_o=${lt_cv_compiler_c_o=yes}
| lt_cv_compiler_o_lo=${lt_cv_compiler_o_lo=yes}
| lt_cv_deplibs_check_method=${lt_cv_deplibs_check_method='file_magic file format pei*-i386(.*architecture: i386)?'}
| lt_cv_file_magic_cmd=${lt_cv_file_magic_cmd='$OBJDUMP -f'}
| lt_cv_file_magic_test_file=${lt_cv_file_magic_test_file=}
| test "${lt_cv_global_symbol_to_c_name_address+set}" = set || lt_cv_global_symbol_to_c_name_address='sed -n -e '\''s/^: \([^ ]*\) $/  {\"\1\", (lt_ptr) 0},/p'\'' -e '\''s/^[BCDEGRST] \([^ ]*\) \([^ ]*\)$/  {"\2", (lt_ptr) \&\2},/p'\'''
| lt_cv_global_symbol_to_cdecl=${lt_cv_global_symbol_to_cdecl='sed -n -e '\''s/^. .* \(.*\)$/extern char \1;/p'\'''}
| lt_cv_ld_reload_flag=${lt_cv_ld_reload_flag=-r}
| lt_cv_need_dllmain=${lt_cv_need_dllmain=no}
| lt_cv_prog_cc_can_build_shared=${lt_cv_prog_cc_can_build_shared=yes}
| lt_cv_prog_cc_no_builtin=${lt_cv_prog_cc_no_builtin=}
| lt_cv_prog_cc_pic=${lt_cv_prog_cc_pic='   -DDLL_EXPORT'}
| lt_cv_prog_cc_pic_works=${lt_cv_prog_cc_pic_works=yes}
| lt_cv_prog_cc_shlib=${lt_cv_prog_cc_shlib=}
| lt_cv_prog_cc_static=${lt_cv_prog_cc_static=-static}
| lt_cv_prog_cc_static_works=${lt_cv_prog_cc_static_works=yes}
| lt_cv_prog_cc_wl=${lt_cv_prog_cc_wl=-Wl,}
| lt_cv_prog_gnu_ld=${lt_cv_prog_gnu_ld=yes}
| lt_cv_sys_global_symbol_pipe=${lt_cv_sys_global_symbol_pipe=}
| lt_cv_sys_path_separator=${lt_cv_sys_path_separator=:}
configure:1330: checking for correct TEA configuration
configure:1349: result: ok (TEA 3.6)
configure:1356: checking for cygpath
configure:1383: result: echo
configure:1475: checking for Tcl configuration
configure:1591: result: found /c/Tcl/lib/tclConfig.sh
configure:1597: checking for existence of /c/Tcl/lib/tclConfig.sh
configure:1601: result: loading
configure:1687: --prefix defaulting to TCL_PREFIX /usr/local
configure:1699: --exec-prefix defaulting to TCL_EXEC_PREFIX /usr/local
configure:1773: checking for gcc
configure:1789: found /mingw/bin/gcc
configure:1799: result: gcc
configure:2043: checking for C compiler version
configure:2046: gcc --version </dev/null >&5
gcc.exe (GCC) 3.4.2 (mingw-special)
Copyright (C) 2004 Free Software Foundation, Inc.
This is free software; see the source for copying conditions.  There is NO
warranty; not even for MERCHANTABILITY or FITNESS FOR A PARTICULAR PURPOSE.

configure:2049: $? = 0
configure:2051: gcc -v </dev/null >&5
Reading specs from C:/msys/mingw/bin/../lib/gcc/mingw32/3.4.2/specs
Configured with: ../gcc/configure --with-gcc --with-gnu-ld --with-gnu-as --host=mingw32 --target=mingw32 --prefix=/mingw --enable-threads --disable-nls --enable-languages=c,c++,f77,ada,objc,java --disable-win32-registry --disable-shared --enable-sjlj-exceptions --enable-libgcj --disable-java-awt --without-x --enable-java-gc=boehm --disable-libgcj-debug --enable-interpreter --enable-hash-synchronization --enable-libstdcxx-debug
Thread model: win32
gcc version 3.4.2 (mingw-special)
configure:2054: $? = 0
configure:2056: gcc -V </dev/null >&5
gcc.exe: `-V' option must have argument
configure:2059: $? = 1
configure:2082: checking for C compiler default output file name
configure:2085: gcc    conftest.c  >&5
configure:2088: $? = 0
configure:2134: result: a.exe
configure:2139: checking whether the C compiler works
configure:2145: ./a.exe
configure:2148: $? = 0
configure:2165: result: yes
configure:2172: checking whether we are cross compiling
configure:2174: result: no
configure:2177: checking for suffix of executables
configure:2179: gcc -o conftest.exe    conftest.c  >&5
configure:2182: $? = 0
configure:2207: result: .exe
configure:2213: checking for suffix of object files
configure:2234: gcc -c   conftest.c >&5
configure:2237: $? = 0
configure:2259: result: o
configure:2263: checking whether we are using the GNU C compiler
configure:2287: gcc -c   conftest.c >&5
configure:2293: $? = 0
configure:2297: test -z 
			 || test ! -s conftest.err
configure:2300: $? = 0
configure:2303: test -s conftest.o
configure:2306: $? = 0
configure:2319: result: yes
configure:2325: checking whether gcc accepts -g
configure:2346: gcc -c -g  conftest.c >&5
configure:2352: $? = 0
configure:2356: test -z 
			 || test ! -s conftest.err
configure:2359: $? = 0
configure:2362: test -s conftest.o
configure:2365: $? = 0
configure:2376: result: yes
configure:2393: checking for gcc option to accept ANSI C
configure:2463: gcc  -c   conftest.c >&5
configure:2469: $? = 0
configure:2473: test -z 
			 || test ! -s conftest.err
configure:2476: $? = 0
configure:2479: test -s conftest.o
configure:2482: $? = 0
configure:2500: result: none needed
configure:2518: gcc -c   conftest.c >&5
conftest.c:2: error: syntax error before "me"
configure:2524: $? = 1
configure: failed program was:
| #ifndef __cplusplus
|   choke me
| #endif
configure:2662: checking how to run the C preprocessor
configure:2697: gcc -E  conftest.c
configure:2703: $? = 0
configure:2735: gcc -E  conftest.c
conftest.c:9:28: ac_nonexistent.h: No such file or directory
configure:2741: $? = 1
configure: failed program was:
| /* confdefs.h.  */
| 
| #define PACKAGE_NAME "tcc"
| #define PACKAGE_TARNAME "tcc"
| #define PACKAGE_VERSION "0.2"
| #define PACKAGE_STRING "tcc 0.2"
| #define PACKAGE_BUGREPORT ""
| /* end confdefs.h.  */
| #include <ac_nonexistent.h>
configure:2780: result: gcc -E
configure:2804: gcc -E  conftest.c
configure:2810: $? = 0
configure:2842: gcc -E  conftest.c
conftest.c:9:28: ac_nonexistent.h: No such file or directory
configure:2848: $? = 1
configure: failed program was:
| /* confdefs.h.  */
| 
| #define PACKAGE_NAME "tcc"
| #define PACKAGE_TARNAME "tcc"
| #define PACKAGE_VERSION "0.2"
| #define PACKAGE_STRING "tcc 0.2"
| #define PACKAGE_BUGREPORT ""
| /* end confdefs.h.  */
| #include <ac_nonexistent.h>
configure:2905: checking for a BSD-compatible install
configure:2960: result: /bin/install -c
configure:2976: checking whether make sets $(MAKE)
configure:2996: result: yes
configure:3051: checking for ranlib
configure:3067: found /mingw/bin/ranlib
configure:3078: result: ranlib
configure:3100: checking for egrep
configure:3110: result: grep -E
configure:3115: checking for ANSI C header files
configure:3140: gcc -c   conftest.c >&5
configure:3146: $? = 0
configure:3150: test -z 
			 || test ! -s conftest.err
configure:3153: $? = 0
configure:3156: test -s conftest.o
configure:3159: $? = 0
configure:3245: gcc -o conftest.exe    conftest.c  >&5
configure:3248: $? = 0
configure:3250: ./conftest.exe
configure:3253: $? = 0
configure:3268: result: yes
configure:3292: checking for sys/types.h
configure:3308: gcc -c   conftest.c >&5
configure:3314: $? = 0
configure:3318: test -z 
			 || test ! -s conftest.err
configure:3321: $? = 0
configure:3324: test -s conftest.o
configure:3327: $? = 0
configure:3338: result: yes
configure:3292: checking for sys/stat.h
configure:3308: gcc -c   conftest.c >&5
configure:3314: $? = 0
configure:3318: test -z 
			 || test ! -s conftest.err
configure:3321: $? = 0
configure:3324: test -s conftest.o
configure:3327: $? = 0
configure:3338: result: yes
configure:3292: checking for stdlib.h
configure:3308: gcc -c   conftest.c >&5
configure:3314: $? = 0
configure:3318: test -z 
			 || test ! -s conftest.err
configure:3321: $? = 0
configure:3324: test -s conftest.o
configure:3327: $? = 0
configure:3338: result: yes
configure:3292: checking for string.h
configure:3308: gcc -c   conftest.c >&5
configure:3314: $? = 0
configure:3318: test -z 
			 || test ! -s conftest.err
configure:3321: $? = 0
configure:3324: test -s conftest.o
configure:3327: $? = 0
configure:3338: result: yes
configure:3292: checking for memory.h
configure:3308: gcc -c   conftest.c >&5
configure:3314: $? = 0
configure:3318: test -z 
			 || test ! -s conftest.err
configure:3321: $? = 0
configure:3324: test -s conftest.o
configure:3327: $? = 0
configure:3338: result: yes
configure:3292: checking for strings.h
configure:3308: gcc -c   conftest.c >&5
configure:3314: $? = 0
configure:3318: test -z 
			 || test ! -s conftest.err
configure:3321: $? = 0
configure:3324: test -s conftest.o
configure:3327: $? = 0
configure:3338: result: yes
configure:3292: checking for inttypes.h
configure:3308: gcc -c   conftest.c >&5
configure:3314: $? = 0
configure:3318: test -z 
			 || test ! -s conftest.err
configure:3321: $? = 0
configure:3324: test -s conftest.o
configure:3327: $? = 0
configure:3338: result: yes
configure:3292: checking for stdint.h
configure:3308: gcc -c   conftest.c >&5
configure:3314: $? = 0
configure:3318: test -z 
			 || test ! -s conftest.err
configure:3321: $? = 0
configure:3324: test -s conftest.o
configure:3327: $? = 0
configure:3338: result: yes
configure:3292: checking for unistd.h
configure:3308: gcc -c   conftest.c >&5
configure:3314: $? = 0
configure:3318: test -z 
			 || test ! -s conftest.err
configure:3321: $? = 0
configure:3324: test -s conftest.o
configure:3327: $? = 0
configure:3338: result: yes
configure:3360: checking if the compiler understands -pipe
configure:3383: gcc -c  -pipe  conftest.c >&5
configure:3389: $? = 0
configure:3393: test -z 
			 || test ! -s conftest.err
configure:3396: $? = 0
configure:3399: test -s conftest.o
configure:3402: $? = 0
configure:3414: result: yes
configure:3425: checking whether byte ordering is bigendian
configure:3452: gcc -c  -pipe  conftest.c >&5
configure:3458: $? = 0
configure:3462: test -z 
			 || test ! -s conftest.err
configure:3465: $? = 0
configure:3468: test -s conftest.o
configure:3471: $? = 0
configure:3495: gcc -c  -pipe  conftest.c >&5
conftest.c: In function `main':
conftest.c:26: error: `not' undeclared (first use in this function)
conftest.c:26: error: (Each undeclared identifier is reported only once
conftest.c:26: error: for each function it appears in.)
conftest.c:26: error: syntax error before "big"
configure:3501: $? = 1
configure: failed program was:
| /* confdefs.h.  */
| 
| #define PACKAGE_NAME "tcc"
| #define PACKAGE_TARNAME "tcc"
| #define PACKAGE_VERSION "0.2"
| #define PACKAGE_STRING "tcc 0.2"
| #define PACKAGE_BUGREPORT ""
| #define STDC_HEADERS 1
| #define HAVE_SYS_TYPES_H 1
| #define HAVE_SYS_STAT_H 1
| #define HAVE_STDLIB_H 1
| #define HAVE_STRING_H 1
| #define HAVE_MEMORY_H 1
| #define HAVE_STRINGS_H 1
| #define HAVE_INTTYPES_H 1
| #define HAVE_STDINT_H 1
| #define HAVE_UNISTD_H 1
| /* end confdefs.h.  */
| #include <sys/types.h>
| #include <sys/param.h>
| 
| int
| main ()
| {
| #if BYTE_ORDER != BIG_ENDIAN
|  not big endian
| #endif
| 
|   ;
|   return 0;
| }
configure:3636: result: no
configure:6280: checking for Tcl public headers
configure:6354: result: /usr/local/include
configure:6806: checking for building with threads
configure:6814: result: yes (default)
configure:6855: checking how to build libraries
configure:6873: result: shared
configure:6900: checking if 64bit support is requested
configure:6909: result: no
configure:6914: checking if 64bit Sparc VIS support is requested
configure:6923: result: no
configure:6934: checking if Windows/CE build is requested
configure:6943: result: no
configure:6951: checking system version
configure:6981: result: windows
configure:6989: checking for dlopen in -ldl
configure:7019: gcc -o conftest.exe  -pipe   conftest.c -ldl   >&5
C:\msys\mingw\bin\..\lib\gcc\mingw32\3.4.2\..\..\..\..\mingw32\bin\ld.exe: cannot find -ldl
collect2: ld returned 1 exit status
configure:7025: $? = 1
configure: failed program was:
| /* confdefs.h.  */
| 
| #define PACKAGE_NAME "tcc"
| #define PACKAGE_TARNAME "tcc"
| #define PACKAGE_VERSION "0.2"
| #define PACKAGE_STRING "tcc 0.2"
| #define PACKAGE_BUGREPORT ""
| #define STDC_HEADERS 1
| #define HAVE_SYS_TYPES_H 1
| #define HAVE_SYS_STAT_H 1
| #define HAVE_STDLIB_H 1
| #define HAVE_STRING_H 1
| #define HAVE_MEMORY_H 1
| #define HAVE_STRINGS_H 1
| #define HAVE_INTTYPES_H 1
| #define HAVE_STDINT_H 1
| #define HAVE_UNISTD_H 1
| #define BUILD_tcc 1
| #define TCL_THREADS 1
| /* end confdefs.h.  */
| 
| /* Override any gcc2 internal prototype to avoid an error.  */
| #ifdef __cplusplus
| extern "C"
| #endif
| /* We use char because int might match the return type of a gcc2
|    builtin and then its argument prototype would still apply.  */
| char dlopen ();
| int
| main ()
| {
| dlopen ();
|   ;
|   return 0;
| }
configure:7051: result: no
configure:7092: checking for ar
configure:7108: found /mingw/bin/ar
configure:7118: result: ar
configure:8953: checking for required early compiler flags
configure:8976: gcc -c  -pipe  conftest.c >&5
configure:8982: $? = 0
configure:8986: test -z 
			 || test ! -s conftest.err
configure:8989: $? = 0
configure:8992: test -s conftest.o
configure:8995: $? = 0
configure:9081: gcc -c  -pipe  conftest.c >&5
conftest.c: In function `main':
conftest.c:25: error: storage size of 'buf' isn't known
configure:9087: $? = 1
configure: failed program was:
| /* confdefs.h.  */
| 
| #define PACKAGE_NAME "tcc"
| #define PACKAGE_TARNAME "tcc"
| #define PACKAGE_VERSION "0.2"
| #define PACKAGE_STRING "tcc 0.2"
| #define PACKAGE_BUGREPORT ""
| #define STDC_HEADERS 1
| #define HAVE_SYS_TYPES_H 1
| #define HAVE_SYS_STAT_H 1
| #define HAVE_STDLIB_H 1
| #define HAVE_STRING_H 1
| #define HAVE_MEMORY_H 1
| #define HAVE_STRINGS_H 1
| #define HAVE_INTTYPES_H 1
| #define HAVE_STDINT_H 1
| #define HAVE_UNISTD_H 1
| #define BUILD_tcc 1
| #define TCL_THREADS 1
| /* end confdefs.h.  */
| #include <sys/stat.h>
| int
| main ()
| {
| struct stat64 buf; int i = stat64("/", &buf);
|   ;
|   return 0;
| }
configure:9124: gcc -c  -pipe  conftest.c >&5
conftest.c: In function `main':
conftest.c:26: error: storage size of 'buf' isn't known
configure:9130: $? = 1
configure: failed program was:
| /* confdefs.h.  */
| 
| #define PACKAGE_NAME "tcc"
| #define PACKAGE_TARNAME "tcc"
| #define PACKAGE_VERSION "0.2"
| #define PACKAGE_STRING "tcc 0.2"
| #define PACKAGE_BUGREPORT ""
| #define STDC_HEADERS 1
| #define HAVE_SYS_TYPES_H 1
| #define HAVE_SYS_STAT_H 1
| #define HAVE_STDLIB_H 1
| #define HAVE_STRING_H 1
| #define HAVE_MEMORY_H 1
| #define HAVE_STRINGS_H 1
| #define HAVE_INTTYPES_H 1
| #define HAVE_STDINT_H 1
| #define HAVE_UNISTD_H 1
| #define BUILD_tcc 1
| #define TCL_THREADS 1
| /* end confdefs.h.  */
| #define _LARGEFILE64_SOURCE 1
| #include <sys/stat.h>
| int
| main ()
| {
| struct stat64 buf; int i = stat64("/", &buf);
|   ;
|   return 0;
| }
configure:9186: gcc -c  -pipe  conftest.c >&5
conftest.c: In function `main':
conftest.c:25: error: `open64' undeclared (first use in this function)
conftest.c:25: error: (Each undeclared identifier is reported only once
conftest.c:25: error: for each function it appears in.)
configure:9192: $? = 1
configure: failed program was:
| /* confdefs.h.  */
| 
| #define PACKAGE_NAME "tcc"
| #define PACKAGE_TARNAME "tcc"
| #define PACKAGE_VERSION "0.2"
| #define PACKAGE_STRING "tcc 0.2"
| #define PACKAGE_BUGREPORT ""
| #define STDC_HEADERS 1
| #define HAVE_SYS_TYPES_H 1
| #define HAVE_SYS_STAT_H 1
| #define HAVE_STDLIB_H 1
| #define HAVE_STRING_H 1
| #define HAVE_MEMORY_H 1
| #define HAVE_STRINGS_H 1
| #define HAVE_INTTYPES_H 1
| #define HAVE_STDINT_H 1
| #define HAVE_UNISTD_H 1
| #define BUILD_tcc 1
| #define TCL_THREADS 1
| /* end confdefs.h.  */
| #include <sys/stat.h>
| int
| main ()
| {
| char *p = (char *)open64;
|   ;
|   return 0;
| }
configure:9229: gcc -c  -pipe  conftest.c >&5
conftest.c: In function `main':
conftest.c:26: error: `open64' undeclared (first use in this function)
conftest.c:26: error: (Each undeclared identifier is reported only once
conftest.c:26: error: for each function it appears in.)
configure:9235: $? = 1
configure: failed program was:
| /* confdefs.h.  */
| 
| #define PACKAGE_NAME "tcc"
| #define PACKAGE_TARNAME "tcc"
| #define PACKAGE_VERSION "0.2"
| #define PACKAGE_STRING "tcc 0.2"
| #define PACKAGE_BUGREPORT ""
| #define STDC_HEADERS 1
| #define HAVE_SYS_TYPES_H 1
| #define HAVE_SYS_STAT_H 1
| #define HAVE_STDLIB_H 1
| #define HAVE_STRING_H 1
| #define HAVE_MEMORY_H 1
| #define HAVE_STRINGS_H 1
| #define HAVE_INTTYPES_H 1
| #define HAVE_STDINT_H 1
| #define HAVE_UNISTD_H 1
| #define BUILD_tcc 1
| #define TCL_THREADS 1
| /* end confdefs.h.  */
| #define _LARGEFILE_SOURCE64 1
| #include <sys/stat.h>
| int
| main ()
| {
| char *p = (char *)open64;
|   ;
|   return 0;
| }
configure:9272: result: none
configure:9280: checking for 64-bit integer type
configure:9304: gcc -c  -pipe  conftest.c >&5
conftest.c: In function `main':
conftest.c:25: error: `__int64' undeclared (first use in this function)
conftest.c:25: error: (Each undeclared identifier is reported only once
conftest.c:25: error: for each function it appears in.)
conftest.c:25: error: syntax error before "value"
configure:9310: $? = 1
configure: failed program was:
| /* confdefs.h.  */
| 
| #define PACKAGE_NAME "tcc"
| #define PACKAGE_TARNAME "tcc"
| #define PACKAGE_VERSION "0.2"
| #define PACKAGE_STRING "tcc 0.2"
| #define PACKAGE_BUGREPORT ""
| #define STDC_HEADERS 1
| #define HAVE_SYS_TYPES_H 1
| #define HAVE_SYS_STAT_H 1
| #define HAVE_STDLIB_H 1
| #define HAVE_STRING_H 1
| #define HAVE_MEMORY_H 1
| #define HAVE_STRINGS_H 1
| #define HAVE_INTTYPES_H 1
| #define HAVE_STDINT_H 1
| #define HAVE_UNISTD_H 1
| #define BUILD_tcc 1
| #define TCL_THREADS 1
| /* end confdefs.h.  */
| 
| int
| main ()
| {
| __int64 value = (__int64) 0;
|   ;
|   return 0;
| }
configure:9354: gcc -c  -pipe  conftest.c >&5
configure:9360: $? = 0
configure:9364: test -z 
			 || test ! -s conftest.err
configure:9367: $? = 0
configure:9370: test -s conftest.o
configure:9373: $? = 0
configure:9404: result: long long
configure:9408: checking for struct dirent64
configure:9431: gcc -c  -pipe  conftest.c >&5
conftest.c:23:24: sys/dirent.h: No such file or directory
conftest.c: In function `main':
conftest.c:27: error: storage size of 'p' isn't known
configure:9437: $? = 1
configure: failed program was:
| /* confdefs.h.  */
| 
| #define PACKAGE_NAME "tcc"
| #define PACKAGE_TARNAME "tcc"
| #define PACKAGE_VERSION "0.2"
| #define PACKAGE_STRING "tcc 0.2"
| #define PACKAGE_BUGREPORT ""
| #define STDC_HEADERS 1
| #define HAVE_SYS_TYPES_H 1
| #define HAVE_SYS_STAT_H 1
| #define HAVE_STDLIB_H 1
| #define HAVE_STRING_H 1
| #define HAVE_MEMORY_H 1
| #define HAVE_STRINGS_H 1
| #define HAVE_INTTYPES_H 1
| #define HAVE_STDINT_H 1
| #define HAVE_UNISTD_H 1
| #define BUILD_tcc 1
| #define TCL_THREADS 1
| #define TCL_WIDE_INT_TYPE long long
| /* end confdefs.h.  */
| #include <sys/types.h>
| #include <sys/dirent.h>
| int
| main ()
| {
| struct dirent64 p;
|   ;
|   return 0;
| }
configure:9461: result: no
configure:9471: checking for struct stat64
configure:9494: gcc -c  -pipe  conftest.c >&5
conftest.c: In function `main':
conftest.c:26: error: storage size of 'p' isn't known
configure:9500: $? = 1
configure: failed program was:
| /* confdefs.h.  */
| 
| #define PACKAGE_NAME "tcc"
| #define PACKAGE_TARNAME "tcc"
| #define PACKAGE_VERSION "0.2"
| #define PACKAGE_STRING "tcc 0.2"
| #define PACKAGE_BUGREPORT ""
| #define STDC_HEADERS 1
| #define HAVE_SYS_TYPES_H 1
| #define HAVE_SYS_STAT_H 1
| #define HAVE_STDLIB_H 1
| #define HAVE_STRING_H 1
| #define HAVE_MEMORY_H 1
| #define HAVE_STRINGS_H 1
| #define HAVE_INTTYPES_H 1
| #define HAVE_STDINT_H 1
| #define HAVE_UNISTD_H 1
| #define BUILD_tcc 1
| #define TCL_THREADS 1
| #define TCL_WIDE_INT_TYPE long long
| /* end confdefs.h.  */
| #include <sys/stat.h>
| int
| main ()
| {
| struct stat64 p;
| 
|   ;
|   return 0;
| }
configure:9524: result: no
configure:9539: checking for open64
configure:9596: gcc -o conftest.exe  -pipe    conftest.c  >&5
C:\DOCUME~1\mjanssen\LOCALS~1\Temp/ccsTaaaa.o(.text+0x30):conftest.c: undefined reference to `open64'
C:\DOCUME~1\mjanssen\LOCALS~1\Temp/ccsTaaaa.o(.data+0x0):conftest.c: undefined reference to `open64'
collect2: ld returned 1 exit status
configure:9602: $? = 1
configure: failed program was:
| /* confdefs.h.  */
| 
| #define PACKAGE_NAME "tcc"
| #define PACKAGE_TARNAME "tcc"
| #define PACKAGE_VERSION "0.2"
| #define PACKAGE_STRING "tcc 0.2"
| #define PACKAGE_BUGREPORT ""
| #define STDC_HEADERS 1
| #define HAVE_SYS_TYPES_H 1
| #define HAVE_SYS_STAT_H 1
| #define HAVE_STDLIB_H 1
| #define HAVE_STRING_H 1
| #define HAVE_MEMORY_H 1
| #define HAVE_STRINGS_H 1
| #define HAVE_INTTYPES_H 1
| #define HAVE_STDINT_H 1
| #define HAVE_UNISTD_H 1
| #define BUILD_tcc 1
| #define TCL_THREADS 1
| #define TCL_WIDE_INT_TYPE long long
| /* end confdefs.h.  */
| /* Define open64 to an innocuous variant, in case <limits.h> declares open64.
|    For example, HP-UX 11i <limits.h> declares gettimeofday.  */
| #define open64 innocuous_open64
| 
| /* System header to define __stub macros and hopefully few prototypes,
|     which can conflict with char open64 (); below.
|     Prefer <limits.h> to <assert.h> if __STDC__ is defined, since
|     <limits.h> exists even on freestanding compilers.  */
| 
| #ifdef __STDC__
| # include <limits.h>
| #else
| # include <assert.h>
| #endif
| 
| #undef open64
| 
| /* Override any gcc2 internal prototype to avoid an error.  */
| #ifdef __cplusplus
| extern "C"
| {
| #endif
| /* We use char because int might match the return type of a gcc2
|    builtin and then its argument prototype would still apply.  */
| char open64 ();
| /* The GNU C library defines this for functions which it implements
|     to always fail with ENOSYS.  Some functions are actually named
|     something starting with __ and the normal name is an alias.  */
| #if defined (__stub_open64) || defined (__stub___open64)
| choke me
| #else
| char (*f) () = open64;
| #endif
| #ifdef __cplusplus
| }
| #endif
| 
| int
| main ()
| {
| return f != open64;
|   ;
|   return 0;
| }
configure:9627: result: no
configure:9539: checking for lseek64
configure:9596: gcc -o conftest.exe  -pipe    conftest.c  >&5
configure:9602: $? = 0
configure:9606: test -z 
			 || test ! -s conftest.err
configure:9609: $? = 0
configure:9612: test -s conftest.exe
configure:9615: $? = 0
configure:9627: result: yes
configure:9637: checking for off64_t
configure:9660: gcc -c  -pipe  conftest.c >&5
configure:9666: $? = 0
configure:9670: test -z 
			 || test ! -s conftest.err
configure:9673: $? = 0
configure:9676: test -s conftest.o
configure:9679: $? = 0
configure:9702: result: no
configure:9715: checking for build with symbols
configure:9728: result: no
configure:9867: checking for tclsh
configure:9894: result: /c/Tcl/bin/tclsh85.exe
configure:10034: creating ./config.status

## ---------------------- ##
## Running config.status. ##
## ---------------------- ##

This file was extended by tcc config.status 0.2, which was
generated by GNU Autoconf 2.59.  Invocation command line was

  CONFIG_FILES    = 
  CONFIG_HEADERS  = 
  CONFIG_LINKS    = 
  CONFIG_COMMANDS = 
  $ ./config.status 

on NL-NIE-L081745

config.status:696: creating Makefile
config.status:696: creating pkgIndex.tcl

## ---------------- ##
## Cache variables. ##
## ---------------- ##

ac_cv_c_bigendian=no
ac_cv_c_compiler_gnu=yes
ac_cv_c_tclconfig=/c/Tcl/lib
ac_cv_c_tclh=/usr/local/include
ac_cv_env_CC_set=
ac_cv_env_CC_value=
ac_cv_env_CFLAGS_set=
ac_cv_env_CFLAGS_value=
ac_cv_env_CPPFLAGS_set=
ac_cv_env_CPPFLAGS_value=
ac_cv_env_CPP_set=
ac_cv_env_CPP_value=
ac_cv_env_LDFLAGS_set=
ac_cv_env_LDFLAGS_value=
ac_cv_env_build_alias_set=
ac_cv_env_build_alias_value=
ac_cv_env_host_alias_set=
ac_cv_env_host_alias_value=
ac_cv_env_target_alias_set=
ac_cv_env_target_alias_value=
ac_cv_exeext=.exe
ac_cv_func_lseek64=yes
ac_cv_func_open64=no
ac_cv_header_inttypes_h=yes
ac_cv_header_memory_h=yes
ac_cv_header_stdc=yes
ac_cv_header_stdint_h=yes
ac_cv_header_stdlib_h=yes
ac_cv_header_string_h=yes
ac_cv_header_strings_h=yes
ac_cv_header_sys_stat_h=yes
ac_cv_header_sys_types_h=yes
ac_cv_header_unistd_h=yes
ac_cv_lib_dl_dlopen=no
ac_cv_objext=o
ac_cv_path_install='/bin/install -c'
ac_cv_prog_AR=ar
ac_cv_prog_CPP='gcc -E'
ac_cv_prog_CYGPATH=echo
ac_cv_prog_ac_ct_CC=gcc
ac_cv_prog_ac_ct_RANLIB=ranlib
ac_cv_prog_cc_g=yes
ac_cv_prog_cc_stdc=
ac_cv_prog_egrep='grep -E'
ac_cv_prog_make_make_set=yes
lt_cv_cc_dll_switch=-mdll
lt_cv_compiler_c_o=yes
lt_cv_compiler_o_lo=yes
lt_cv_deplibs_check_method='file_magic file format pei*-i386(.*architecture: i386)?'
lt_cv_file_magic_cmd='$OBJDUMP -f'
lt_cv_file_magic_test_file=
lt_cv_global_symbol_to_c_name_address='sed -n -e '\''s/^: \([^ ]*\) $/  {\"\1\", (lt_ptr) 0},/p'\'' -e '\''s/^[BCDEGRST] \([^ ]*\) \([^ ]*\)$/  {"\2", (lt_ptr) \&\2},/p'\'''
lt_cv_global_symbol_to_cdecl='sed -n -e '\''s/^. .* \(.*\)$/extern char \1;/p'\'''
lt_cv_ld_reload_flag=-r
lt_cv_need_dllmain=no
lt_cv_prog_cc_can_build_shared=yes
lt_cv_prog_cc_no_builtin=
lt_cv_prog_cc_pic='   -DDLL_EXPORT'
lt_cv_prog_cc_pic_works=yes
lt_cv_prog_cc_shlib=
lt_cv_prog_cc_static=-static
lt_cv_prog_cc_static_works=yes
lt_cv_prog_cc_wl=-Wl,
lt_cv_prog_gnu_ld=yes
lt_cv_sys_global_symbol_pipe=
lt_cv_sys_path_separator=:
tcl_cv_cc_pipe=yes
tcl_cv_flag__isoc99_source=no
tcl_cv_flag__largefile64_source=no
tcl_cv_flag__largefile_source64=no
tcl_cv_struct_dirent64=no
tcl_cv_struct_stat64=no
tcl_cv_sys_version=windows
tcl_cv_type_64bit='long long'
tcl_cv_type_off64_t=yes

## ----------------- ##
## Output variables. ##
## ----------------- ##

AR='ar'
CC='gcc'
CELIB_DIR=''
CFLAGS=' -pipe ${CFLAGS_DEFAULT} ${CFLAGS_WARNING} ${SHLIB_CFLAGS} '
CFLAGS_DEBUG='-g'
CFLAGS_DEFAULT='-O2 -fomit-frame-pointer'
CFLAGS_OPTIMIZE='-O2 -fomit-frame-pointer'
CFLAGS_WARNING='-Wall -Wno-implicit-int'
CLEANFILES=' *.lib *.dll *.exp *.ilk *.pdb vc*.pch'
CPP='gcc -E'
CPPFLAGS=''
CYGPATH='echo'
DEFS='-DPACKAGE_NAME=\"tcc\" -DPACKAGE_TARNAME=\"tcc\" -DPACKAGE_VERSION=\"0.2\" -DPACKAGE_STRING=\"tcc\ 0.2\" -DPACKAGE_BUGREPORT=\"\" -DSTDC_HEADERS=1 -DHAVE_SYS_TYPES_H=1 -DHAVE_SYS_STAT_H=1 -DHAVE_STDLIB_H=1 -DHAVE_STRING_H=1 -DHAVE_MEMORY_H=1 -DHAVE_STRINGS_H=1 -DHAVE_INTTYPES_H=1 -DHAVE_STDINT_H=1 -DHAVE_UNISTD_H=1 -DBUILD_tcc=1 -DTCL_THREADS=1 -DTCL_WIDE_INT_TYPE=long\ long -DHAVE_LSEEK64=1 -DUSE_TCL_STUBS=1 '
DL_LIBS=''
ECHO_C=''
ECHO_N='-n'
ECHO_T=''
EGREP='grep -E'
EXEEXT='.exe'
INSTALL_DATA='${INSTALL} -m 644'
INSTALL_PROGRAM='${INSTALL}'
INSTALL_SCRIPT='${INSTALL}'
LDFLAGS=' '
LDFLAGS_DEFAULT=''
LD_LIBRARY_PATH_VAR='LD_LIBRARY_PATH'
LIBOBJS=''
LIBS=''
LTLIBOBJS=''
MAKE_LIB='${SHLIB_LD} -o $@ $(PKG_OBJECTS) ${SHLIB_LD_LIBS} '
MAKE_SHARED_LIB='${SHLIB_LD} -o $@ $(PKG_OBJECTS) ${SHLIB_LD_LIBS}'
MAKE_STATIC_LIB='${STLIB_LD} $@ $(PKG_OBJECTS)'
MAKE_STUB_LIB='${STLIB_LD} $@ $(PKG_STUB_OBJECTS)'
MATH_LIBS=''
OBJEXT='o'
PACKAGE_BUGREPORT=''
PACKAGE_NAME='tcc'
PACKAGE_STRING='tcc 0.2'
PACKAGE_TARNAME='tcc'
PACKAGE_VERSION='0.2'
PATH_SEPARATOR=':'
PKG_CFLAGS=' -DLIBTCC'
PKG_HEADERS=''
PKG_INCLUDES=''
PKG_LIBS=''
PKG_LIB_FILE='tcc02.dll'
PKG_OBJECTS=' tcc.o'
PKG_SOURCES=' tcc.c'
PKG_STUB_LIB_FILE='libtccstub02.a'
PKG_STUB_OBJECTS=''
PKG_STUB_SOURCES=''
PKG_TCL_SOURCES=''
RANLIB=':'
RANLIB_STUB=':'
SET_MAKE=''
SHARED_BUILD='1'
SHELL='/bin/sh'
SHLIB_CFLAGS=''
SHLIB_LD='gcc -shared'
SHLIB_LD_LIBS='${LIBS} "/c/Tcl/lib/libtclstub85.a"'
STLIB_LD='${AR} cr'
TCLSH_PROG='/c/Tcl/bin/tclsh85.exe'
TCL_BIN_DIR='/c/Tcl/lib'
TCL_DBGX=''
TCL_DEFS='-DPACKAGE_NAME=\"\" -DPACKAGE_TARNAME=\"\" -DPACKAGE_VERSION=\"\" -DPACKAGE_STRING=\"\" -DPACKAGE_BUGREPORT=\"\" -DHAVE_NO_SEH=1 -DEXCEPTION_DISPOSITION=int -DHAVE_WINNT_IGNORE_VOID=1 -DHAVE_ALLOCA_GCC_INLINE=1 -DHAVE_CAST_TO_UNION=1 -DTCL_THREADS=1 -DUSE_THREAD_ALLOC=1 -DTCL_CFGVAL_ENCODING=\"cp1252\" -DTCL_CFG_OPTIMIZED=1 -DTCL_CFG_DEBUG=1 '
TCL_EXTRA_CFLAGS=''
TCL_INCLUDES='-I"/usr/local/include"'
TCL_LD_FLAGS=''
TCL_LIBS=''
TCL_LIB_FILE='libtcl85.a'
TCL_LIB_FLAG='-ltcl85'
TCL_LIB_SPEC='-L/usr/local/lib -ltcl85'
TCL_SHLIB_LD_LIBS='${LIBS}'
TCL_SRC_DIR='/c/Temp/tcl8.5b1'
TCL_STUB_LIB_FILE='libtclstub85.a'
TCL_STUB_LIB_FLAG='-ltclstub85'
TCL_STUB_LIB_SPEC='-L/usr/local/lib -ltclstub85'
TCL_THREADS='1'
TCL_VERSION='8.5'
ac_ct_CC='gcc'
ac_ct_RANLIB='ranlib'
bindir='${exec_prefix}/bin'
build_alias=''
datadir='${prefix}/share'
exec_prefix='/usr/local'
host_alias=''
includedir='${prefix}/include'
infodir='${prefix}/info'
libdir='${exec_prefix}/lib'
libexecdir='${exec_prefix}/libexec'
localstatedir='${prefix}/var'
mandir='${prefix}/man'
oldincludedir='/usr/include'
prefix='/usr/local'
program_transform_name='s,x,x,'
sbindir='${exec_prefix}/sbin'
sharedstatedir='${prefix}/com'
sysconfdir='${prefix}/etc'
target_alias=''

## ----------- ##
## confdefs.h. ##
## ----------- ##

#define BUILD_tcc 1
#define HAVE_INTTYPES_H 1
#define HAVE_LSEEK64 1
#define HAVE_MEMORY_H 1
#define HAVE_STDINT_H 1
#define HAVE_STDLIB_H 1
#define HAVE_STRINGS_H 1
#define HAVE_STRING_H 1
#define HAVE_SYS_STAT_H 1
#define HAVE_SYS_TYPES_H 1
#define HAVE_UNISTD_H 1
#define PACKAGE_BUGREPORT ""
#define PACKAGE_NAME "tcc"
#define PACKAGE_STRING "tcc 0.2"
#define PACKAGE_TARNAME "tcc"
#define PACKAGE_VERSION "0.2"
#define STDC_HEADERS 1
#define TCL_THREADS 1
#define TCL_WIDE_INT_TYPE long long
#define USE_TCL_STUBS 1

configure: exit 0
