This file contains any messages produced by compilers while
running configure, to aid debugging if configure makes a mistake.

It was created by tcc configure 0.2, which was
generated by GNU Autoconf 2.59.  Invocation command line was

  $ ./configure 

## --------- ##
## Platform. ##
## --------- ##

hostname = mjanssen-laptop
uname -m = i686
uname -r = 2.6.22-12-generic
uname -s = Linux
uname -v = #1 SMP Sun Sep 23 18:11:30 GMT 2007

/usr/bin/uname -p = unknown
/bin/uname -X     = unknown

/bin/arch              = unknown
/usr/bin/arch -k       = unknown
/usr/convex/getsysinfo = unknown
hostinfo               = unknown
/bin/machine           = unknown
/usr/bin/oslevel       = unknown
/bin/universe          = unknown

PATH: /usr/local/sbin
PATH: /usr/local/bin
PATH: /usr/sbin
PATH: /usr/bin
PATH: /sbin
PATH: /bin
PATH: /usr/games
PATH: /home/mjanssen/bin


## ----------- ##
## Core tests. ##
## ----------- ##

configure:1330: checking for correct TEA configuration
configure:1349: result: ok (TEA 3.6)
configure:1475: checking for Tcl configuration
configure:1591: result: found /usr/lib/tclConfig.sh
configure:1597: checking for existence of /usr/lib/tclConfig.sh
configure:1601: result: loading
configure:1687: --prefix defaulting to TCL_PREFIX /usr
configure:1699: --exec-prefix defaulting to TCL_EXEC_PREFIX /usr
configure:1773: checking for gcc
configure:1789: found /usr/bin/gcc
configure:1799: result: gcc
configure:2043: checking for C compiler version
configure:2046: gcc --version </dev/null >&5
gcc (GCC) 4.1.3 20070929 (prerelease) (Ubuntu 4.1.2-16ubuntu2)
Copyright (C) 2006 Free Software Foundation, Inc.
This is free software; see the source for copying conditions.  There is NO
warranty; not even for MERCHANTABILITY or FITNESS FOR A PARTICULAR PURPOSE.

configure:2049: $? = 0
configure:2051: gcc -v </dev/null >&5
Using built-in specs.
Target: i486-linux-gnu
Configured with: ../src/configure -v --enable-languages=c,c++,fortran,objc,obj-c++,treelang --prefix=/usr --enable-shared --with-system-zlib --libexecdir=/usr/lib --without-included-gettext --enable-threads=posix --enable-nls --with-gxx-include-dir=/usr/include/c++/4.1.3 --program-suffix=-4.1 --enable-__cxa_atexit --enable-clocale=gnu --enable-libstdcxx-debug --enable-mpfr --enable-checking=release i486-linux-gnu
Thread model: posix
gcc version 4.1.3 20070929 (prerelease) (Ubuntu 4.1.2-16ubuntu2)
configure:2054: $? = 0
configure:2056: gcc -V </dev/null >&5
gcc: '-V' option must have argument
configure:2059: $? = 1
configure:2082: checking for C compiler default output file name
configure:2085: gcc    conftest.c  >&5
configure:2088: $? = 0
configure:2134: result: a.out
configure:2139: checking whether the C compiler works
configure:2145: ./a.out
configure:2148: $? = 0
configure:2165: result: yes
configure:2172: checking whether we are cross compiling
configure:2174: result: no
configure:2177: checking for suffix of executables
configure:2179: gcc -o conftest    conftest.c  >&5
configure:2182: $? = 0
configure:2207: result: 
configure:2213: checking for suffix of object files
configure:2234: gcc -c   conftest.c >&5
configure:2237: $? = 0
configure:2259: result: o
configure:2263: checking whether we are using the GNU C compiler
configure:2287: gcc -c   conftest.c >&5
configure:2293: $? = 0
configure:2297: test -z 
			 || test ! -s conftest.err
configure:2300: $? = 0
configure:2303: test -s conftest.o
configure:2306: $? = 0
configure:2319: result: yes
configure:2325: checking whether gcc accepts -g
configure:2346: gcc -c -g  conftest.c >&5
configure:2352: $? = 0
configure:2356: test -z 
			 || test ! -s conftest.err
configure:2359: $? = 0
configure:2362: test -s conftest.o
configure:2365: $? = 0
configure:2376: result: yes
configure:2393: checking for gcc option to accept ANSI C
configure:2463: gcc  -c   conftest.c >&5
configure:2469: $? = 0
configure:2473: test -z 
			 || test ! -s conftest.err
configure:2476: $? = 0
configure:2479: test -s conftest.o
configure:2482: $? = 0
configure:2500: result: none needed
configure:2518: gcc -c   conftest.c >&5
conftest.c:2: error: expected '=', ',', ';', 'asm' or '__attribute__' before 'me'
configure:2524: $? = 1
configure: failed program was:
| #ifndef __cplusplus
|   choke me
| #endif
configure:2662: checking how to run the C preprocessor
configure:2697: gcc -E  conftest.c
configure:2703: $? = 0
configure:2735: gcc -E  conftest.c
conftest.c:9:28: error: ac_nonexistent.h: No such file or directory
configure:2741: $? = 1
configure: failed program was:
| /* confdefs.h.  */
| 
| #define PACKAGE_NAME "tcc"
| #define PACKAGE_TARNAME "tcc"
| #define PACKAGE_VERSION "0.2"
| #define PACKAGE_STRING "tcc 0.2"
| #define PACKAGE_BUGREPORT ""
| /* end confdefs.h.  */
| #include <ac_nonexistent.h>
configure:2780: result: gcc -E
configure:2804: gcc -E  conftest.c
configure:2810: $? = 0
configure:2842: gcc -E  conftest.c
conftest.c:9:28: error: ac_nonexistent.h: No such file or directory
configure:2848: $? = 1
configure: failed program was:
| /* confdefs.h.  */
| 
| #define PACKAGE_NAME "tcc"
| #define PACKAGE_TARNAME "tcc"
| #define PACKAGE_VERSION "0.2"
| #define PACKAGE_STRING "tcc 0.2"
| #define PACKAGE_BUGREPORT ""
| /* end confdefs.h.  */
| #include <ac_nonexistent.h>
configure:2905: checking for a BSD-compatible install
configure:2960: result: /usr/bin/install -c
configure:2976: checking whether make sets $(MAKE)
configure:2996: result: yes
configure:3051: checking for ranlib
configure:3067: found /usr/bin/ranlib
configure:3078: result: ranlib
configure:3100: checking for egrep
configure:3110: result: grep -E
configure:3115: checking for ANSI C header files
configure:3140: gcc -c   conftest.c >&5
configure:3146: $? = 0
configure:3150: test -z 
			 || test ! -s conftest.err
configure:3153: $? = 0
configure:3156: test -s conftest.o
configure:3159: $? = 0
configure:3248: gcc -o conftest    conftest.c  >&5
conftest.c: In function 'main':
conftest.c:26: warning: incompatible implicit declaration of built-in function 'exit'
configure:3251: $? = 0
configure:3253: ./conftest
configure:3256: $? = 0
configure:3271: result: yes
configure:3295: checking for sys/types.h
configure:3311: gcc -c   conftest.c >&5
configure:3317: $? = 0
configure:3321: test -z 
			 || test ! -s conftest.err
configure:3324: $? = 0
configure:3327: test -s conftest.o
configure:3330: $? = 0
configure:3341: result: yes
configure:3295: checking for sys/stat.h
configure:3311: gcc -c   conftest.c >&5
configure:3317: $? = 0
configure:3321: test -z 
			 || test ! -s conftest.err
configure:3324: $? = 0
configure:3327: test -s conftest.o
configure:3330: $? = 0
configure:3341: result: yes
configure:3295: checking for stdlib.h
configure:3311: gcc -c   conftest.c >&5
configure:3317: $? = 0
configure:3321: test -z 
			 || test ! -s conftest.err
configure:3324: $? = 0
configure:3327: test -s conftest.o
configure:3330: $? = 0
configure:3341: result: yes
configure:3295: checking for string.h
configure:3311: gcc -c   conftest.c >&5
configure:3317: $? = 0
configure:3321: test -z 
			 || test ! -s conftest.err
configure:3324: $? = 0
configure:3327: test -s conftest.o
configure:3330: $? = 0
configure:3341: result: yes
configure:3295: checking for memory.h
configure:3311: gcc -c   conftest.c >&5
configure:3317: $? = 0
configure:3321: test -z 
			 || test ! -s conftest.err
configure:3324: $? = 0
configure:3327: test -s conftest.o
configure:3330: $? = 0
configure:3341: result: yes
configure:3295: checking for strings.h
configure:3311: gcc -c   conftest.c >&5
configure:3317: $? = 0
configure:3321: test -z 
			 || test ! -s conftest.err
configure:3324: $? = 0
configure:3327: test -s conftest.o
configure:3330: $? = 0
configure:3341: result: yes
configure:3295: checking for inttypes.h
configure:3311: gcc -c   conftest.c >&5
configure:3317: $? = 0
configure:3321: test -z 
			 || test ! -s conftest.err
configure:3324: $? = 0
configure:3327: test -s conftest.o
configure:3330: $? = 0
configure:3341: result: yes
configure:3295: checking for stdint.h
configure:3311: gcc -c   conftest.c >&5
configure:3317: $? = 0
configure:3321: test -z 
			 || test ! -s conftest.err
configure:3324: $? = 0
configure:3327: test -s conftest.o
configure:3330: $? = 0
configure:3341: result: yes
configure:3295: checking for unistd.h
configure:3311: gcc -c   conftest.c >&5
configure:3317: $? = 0
configure:3321: test -z 
			 || test ! -s conftest.err
configure:3324: $? = 0
configure:3327: test -s conftest.o
configure:3330: $? = 0
configure:3341: result: yes
configure:3363: checking if the compiler understands -pipe
configure:3386: gcc -c  -pipe  conftest.c >&5
configure:3392: $? = 0
configure:3396: test -z 
			 || test ! -s conftest.err
configure:3399: $? = 0
configure:3402: test -s conftest.o
configure:3405: $? = 0
configure:3417: result: yes
configure:3428: checking whether byte ordering is bigendian
configure:3455: gcc -c  -pipe  conftest.c >&5
configure:3461: $? = 0
configure:3465: test -z 
			 || test ! -s conftest.err
configure:3468: $? = 0
configure:3471: test -s conftest.o
configure:3474: $? = 0
configure:3498: gcc -c  -pipe  conftest.c >&5
conftest.c: In function 'main':
conftest.c:26: error: 'not' undeclared (first use in this function)
conftest.c:26: error: (Each undeclared identifier is reported only once
conftest.c:26: error: for each function it appears in.)
conftest.c:26: error: expected ';' before 'big'
configure:3504: $? = 1
configure: failed program was:
| /* confdefs.h.  */
| 
| #define PACKAGE_NAME "tcc"
| #define PACKAGE_TARNAME "tcc"
| #define PACKAGE_VERSION "0.2"
| #define PACKAGE_STRING "tcc 0.2"
| #define PACKAGE_BUGREPORT ""
| #define STDC_HEADERS 1
| #define HAVE_SYS_TYPES_H 1
| #define HAVE_SYS_STAT_H 1
| #define HAVE_STDLIB_H 1
| #define HAVE_STRING_H 1
| #define HAVE_MEMORY_H 1
| #define HAVE_STRINGS_H 1
| #define HAVE_INTTYPES_H 1
| #define HAVE_STDINT_H 1
| #define HAVE_UNISTD_H 1
| /* end confdefs.h.  */
| #include <sys/types.h>
| #include <sys/param.h>
| 
| int
| main ()
| {
| #if BYTE_ORDER != BIG_ENDIAN
|  not big endian
| #endif
| 
|   ;
|   return 0;
| }
configure:3639: result: no
configure:3667: checking for sin
configure:3724: gcc -o conftest  -pipe   conftest.c  >&5
conftest.c:43: warning: conflicting types for built-in function 'sin'
/tmp/ccpCTTAq.o: In function `main':
conftest.c:(.text+0x14): undefined reference to `sin'
/tmp/ccpCTTAq.o:(.data+0x0): undefined reference to `sin'
collect2: ld returned 1 exit status
configure:3730: $? = 1
configure: failed program was:
| /* confdefs.h.  */
| 
| #define PACKAGE_NAME "tcc"
| #define PACKAGE_TARNAME "tcc"
| #define PACKAGE_VERSION "0.2"
| #define PACKAGE_STRING "tcc 0.2"
| #define PACKAGE_BUGREPORT ""
| #define STDC_HEADERS 1
| #define HAVE_SYS_TYPES_H 1
| #define HAVE_SYS_STAT_H 1
| #define HAVE_STDLIB_H 1
| #define HAVE_STRING_H 1
| #define HAVE_MEMORY_H 1
| #define HAVE_STRINGS_H 1
| #define HAVE_INTTYPES_H 1
| #define HAVE_STDINT_H 1
| #define HAVE_UNISTD_H 1
| /* end confdefs.h.  */
| /* Define sin to an innocuous variant, in case <limits.h> declares sin.
|    For example, HP-UX 11i <limits.h> declares gettimeofday.  */
| #define sin innocuous_sin
| 
| /* System header to define __stub macros and hopefully few prototypes,
|     which can conflict with char sin (); below.
|     Prefer <limits.h> to <assert.h> if __STDC__ is defined, since
|     <limits.h> exists even on freestanding compilers.  */
| 
| #ifdef __STDC__
| # include <limits.h>
| #else
| # include <assert.h>
| #endif
| 
| #undef sin
| 
| /* Override any gcc2 internal prototype to avoid an error.  */
| #ifdef __cplusplus
| extern "C"
| {
| #endif
| /* We use char because int might match the return type of a gcc2
|    builtin and then its argument prototype would still apply.  */
| char sin ();
| /* The GNU C library defines this for functions which it implements
|     to always fail with ENOSYS.  Some functions are actually named
|     something starting with __ and the normal name is an alias.  */
| #if defined (__stub_sin) || defined (__stub___sin)
| choke me
| #else
| char (*f) () = sin;
| #endif
| #ifdef __cplusplus
| }
| #endif
| 
| int
| main ()
| {
| return f != sin;
|   ;
|   return 0;
| }
configure:3755: result: no
configure:3763: checking for main in -lieee
configure:3787: gcc -o conftest  -pipe   conftest.c -lieee   >&5
configure:3793: $? = 0
configure:3797: test -z 
			 || test ! -s conftest.err
configure:3800: $? = 0
configure:3803: test -s conftest
configure:3806: $? = 0
configure:3819: result: yes
configure:3831: checking for main in -linet
configure:3855: gcc -o conftest  -pipe   conftest.c -linet   >&5
/usr/bin/ld: cannot find -linet
collect2: ld returned 1 exit status
configure:3861: $? = 1
configure: failed program was:
| /* confdefs.h.  */
| 
| #define PACKAGE_NAME "tcc"
| #define PACKAGE_TARNAME "tcc"
| #define PACKAGE_VERSION "0.2"
| #define PACKAGE_STRING "tcc 0.2"
| #define PACKAGE_BUGREPORT ""
| #define STDC_HEADERS 1
| #define HAVE_SYS_TYPES_H 1
| #define HAVE_SYS_STAT_H 1
| #define HAVE_STDLIB_H 1
| #define HAVE_STRING_H 1
| #define HAVE_MEMORY_H 1
| #define HAVE_STRINGS_H 1
| #define HAVE_INTTYPES_H 1
| #define HAVE_STDINT_H 1
| #define HAVE_UNISTD_H 1
| /* end confdefs.h.  */
| 
| 
| int
| main ()
| {
| main ();
|   ;
|   return 0;
| }
configure:3887: result: no
configure:3903: checking net/errno.h usability
configure:3915: gcc -c  -pipe  conftest.c >&5
conftest.c:53:23: error: net/errno.h: No such file or directory
configure:3921: $? = 1
configure: failed program was:
| /* confdefs.h.  */
| 
| #define PACKAGE_NAME "tcc"
| #define PACKAGE_TARNAME "tcc"
| #define PACKAGE_VERSION "0.2"
| #define PACKAGE_STRING "tcc 0.2"
| #define PACKAGE_BUGREPORT ""
| #define STDC_HEADERS 1
| #define HAVE_SYS_TYPES_H 1
| #define HAVE_SYS_STAT_H 1
| #define HAVE_STDLIB_H 1
| #define HAVE_STRING_H 1
| #define HAVE_MEMORY_H 1
| #define HAVE_STRINGS_H 1
| #define HAVE_INTTYPES_H 1
| #define HAVE_STDINT_H 1
| #define HAVE_UNISTD_H 1
| /* end confdefs.h.  */
| #include <stdio.h>
| #if HAVE_SYS_TYPES_H
| # include <sys/types.h>
| #endif
| #if HAVE_SYS_STAT_H
| # include <sys/stat.h>
| #endif
| #if STDC_HEADERS
| # include <stdlib.h>
| # include <stddef.h>
| #else
| # if HAVE_STDLIB_H
| #  include <stdlib.h>
| # endif
| #endif
| #if HAVE_STRING_H
| # if !STDC_HEADERS && HAVE_MEMORY_H
| #  include <memory.h>
| # endif
| # include <string.h>
| #endif
| #if HAVE_STRINGS_H
| # include <strings.h>
| #endif
| #if HAVE_INTTYPES_H
| # include <inttypes.h>
| #else
| # if HAVE_STDINT_H
| #  include <stdint.h>
| # endif
| #endif
| #if HAVE_UNISTD_H
| # include <unistd.h>
| #endif
| #include <net/errno.h>
configure:3944: result: no
configure:3948: checking net/errno.h presence
configure:3958: gcc -E  conftest.c
conftest.c:19:23: error: net/errno.h: No such file or directory
configure:3964: $? = 1
configure: failed program was:
| /* confdefs.h.  */
| 
| #define PACKAGE_NAME "tcc"
| #define PACKAGE_TARNAME "tcc"
| #define PACKAGE_VERSION "0.2"
| #define PACKAGE_STRING "tcc 0.2"
| #define PACKAGE_BUGREPORT ""
| #define STDC_HEADERS 1
| #define HAVE_SYS_TYPES_H 1
| #define HAVE_SYS_STAT_H 1
| #define HAVE_STDLIB_H 1
| #define HAVE_STRING_H 1
| #define HAVE_MEMORY_H 1
| #define HAVE_STRINGS_H 1
| #define HAVE_INTTYPES_H 1
| #define HAVE_STDINT_H 1
| #define HAVE_UNISTD_H 1
| /* end confdefs.h.  */
| #include <net/errno.h>
configure:3984: result: no
configure:4019: checking for net/errno.h
configure:4026: result: no
configure:4060: checking for connect
configure:4117: gcc -o conftest  -pipe   conftest.c  >&5
configure:4123: $? = 0
configure:4127: test -z 
			 || test ! -s conftest.err
configure:4130: $? = 0
configure:4133: test -s conftest
configure:4136: $? = 0
configure:4148: result: yes
configure:4423: checking for gethostbyname
configure:4480: gcc -o conftest  -pipe   conftest.c  >&5
configure:4486: $? = 0
configure:4490: test -z 
			 || test ! -s conftest.err
configure:4493: $? = 0
configure:4496: test -s conftest
configure:4499: $? = 0
configure:4511: result: yes
configure:4595: checking dirent.h
configure:4636: gcc -o conftest  -pipe   conftest.c  >&5
configure:4642: $? = 0
configure:4646: test -z 
			 || test ! -s conftest.err
configure:4649: $? = 0
configure:4652: test -s conftest
configure:4655: $? = 0
configure:4667: result: yes
configure:4688: checking errno.h usability
configure:4700: gcc -c  -pipe  conftest.c >&5
configure:4706: $? = 0
configure:4710: test -z 
			 || test ! -s conftest.err
configure:4713: $? = 0
configure:4716: test -s conftest.o
configure:4719: $? = 0
configure:4729: result: yes
configure:4733: checking errno.h presence
configure:4743: gcc -E  conftest.c
configure:4749: $? = 0
configure:4769: result: yes
configure:4804: checking for errno.h
configure:4811: result: yes
configure:4836: checking float.h usability
configure:4848: gcc -c  -pipe  conftest.c >&5
configure:4854: $? = 0
configure:4858: test -z 
			 || test ! -s conftest.err
configure:4861: $? = 0
configure:4864: test -s conftest.o
configure:4867: $? = 0
configure:4877: result: yes
configure:4881: checking float.h presence
configure:4891: gcc -E  conftest.c
configure:4897: $? = 0
configure:4917: result: yes
configure:4952: checking for float.h
configure:4959: result: yes
configure:4984: checking values.h usability
configure:4996: gcc -c  -pipe  conftest.c >&5
configure:5002: $? = 0
configure:5006: test -z 
			 || test ! -s conftest.err
configure:5009: $? = 0
configure:5012: test -s conftest.o
configure:5015: $? = 0
configure:5025: result: yes
configure:5029: checking values.h presence
configure:5039: gcc -E  conftest.c
configure:5045: $? = 0
configure:5065: result: yes
configure:5100: checking for values.h
configure:5107: result: yes
configure:5132: checking limits.h usability
configure:5144: gcc -c  -pipe  conftest.c >&5
configure:5150: $? = 0
configure:5154: test -z 
			 || test ! -s conftest.err
configure:5157: $? = 0
configure:5160: test -s conftest.o
configure:5163: $? = 0
configure:5173: result: yes
configure:5177: checking limits.h presence
configure:5187: gcc -E  conftest.c
configure:5193: $? = 0
configure:5213: result: yes
configure:5248: checking for limits.h
configure:5255: result: yes
configure:5275: checking for stdlib.h
configure:5280: result: yes
configure:5477: checking for string.h
configure:5482: result: yes
configure:5676: checking sys/wait.h usability
configure:5688: gcc -c  -pipe  conftest.c >&5
configure:5694: $? = 0
configure:5698: test -z 
			 || test ! -s conftest.err
configure:5701: $? = 0
configure:5704: test -s conftest.o
configure:5707: $? = 0
configure:5717: result: yes
configure:5721: checking sys/wait.h presence
configure:5731: gcc -E  conftest.c
configure:5737: $? = 0
configure:5757: result: yes
configure:5792: checking for sys/wait.h
configure:5799: result: yes
configure:5824: checking dlfcn.h usability
configure:5836: gcc -c  -pipe  conftest.c >&5
configure:5842: $? = 0
configure:5846: test -z 
			 || test ! -s conftest.err
configure:5849: $? = 0
configure:5852: test -s conftest.o
configure:5855: $? = 0
configure:5865: result: yes
configure:5869: checking dlfcn.h presence
configure:5879: gcc -E  conftest.c
configure:5885: $? = 0
configure:5905: result: yes
configure:5940: checking for dlfcn.h
configure:5947: result: yes
configure:5978: checking sys/param.h usability
configure:5990: gcc -c  -pipe  conftest.c >&5
configure:5996: $? = 0
configure:6000: test -z 
			 || test ! -s conftest.err
configure:6003: $? = 0
configure:6006: test -s conftest.o
configure:6009: $? = 0
configure:6019: result: yes
configure:6023: checking sys/param.h presence
configure:6033: gcc -E  conftest.c
configure:6039: $? = 0
configure:6059: result: yes
configure:6094: checking for sys/param.h
configure:6101: result: yes
configure:6283: checking for Tcl public headers
configure:6357: result: /usr/include
configure:6426: checking for pthread_mutex_init in -lpthread
configure:6456: gcc -o conftest  -pipe   conftest.c -lpthread   >&5
configure:6462: $? = 0
configure:6466: test -z 
			 || test ! -s conftest.err
configure:6469: $? = 0
configure:6472: test -s conftest
configure:6475: $? = 0
configure:6488: result: yes
configure:6809: checking for building with threads
configure:6817: result: yes (default)
configure:6858: checking how to build libraries
configure:6876: result: shared
configure:6903: checking if 64bit support is requested
configure:6912: result: no
configure:6917: checking if 64bit Sparc VIS support is requested
configure:6926: result: no
configure:6954: checking system version
configure:6984: result: Linux-2.6.22-12-generic
configure:6992: checking for dlopen in -ldl
configure:7022: gcc -o conftest  -pipe   conftest.c -ldl   >&5
configure:7028: $? = 0
configure:7032: test -z 
			 || test ! -s conftest.err
configure:7035: $? = 0
configure:7038: test -s conftest
configure:7041: $? = 0
configure:7054: result: yes
configure:7095: checking for ar
configure:7111: found /usr/bin/ar
configure:7121: result: ar
configure:8956: checking for required early compiler flags
configure:8979: gcc -c  -pipe  conftest.c >&5
configure:8985: $? = 0
configure:8989: test -z 
			 || test ! -s conftest.err
configure:8992: $? = 0
configure:8995: test -s conftest.o
configure:8998: $? = 0
configure:9084: gcc -c  -pipe  conftest.c >&5
conftest.c: In function 'main':
conftest.c:29: error: storage size of 'buf' isn't known
configure:9090: $? = 1
configure: failed program was:
| /* confdefs.h.  */
| 
| #define PACKAGE_NAME "tcc"
| #define PACKAGE_TARNAME "tcc"
| #define PACKAGE_VERSION "0.2"
| #define PACKAGE_STRING "tcc 0.2"
| #define PACKAGE_BUGREPORT ""
| #define STDC_HEADERS 1
| #define HAVE_SYS_TYPES_H 1
| #define HAVE_SYS_STAT_H 1
| #define HAVE_STDLIB_H 1
| #define HAVE_STRING_H 1
| #define HAVE_MEMORY_H 1
| #define HAVE_STRINGS_H 1
| #define HAVE_INTTYPES_H 1
| #define HAVE_STDINT_H 1
| #define HAVE_UNISTD_H 1
| #define HAVE_LIMITS_H 1
| #define HAVE_SYS_PARAM_H 1
| #define USE_THREAD_ALLOC 1
| #define _REENTRANT 1
| #define _THREAD_SAFE 1
| #define TCL_THREADS 1
| /* end confdefs.h.  */
| #include <sys/stat.h>
| int
| main ()
| {
| struct stat64 buf; int i = stat64("/", &buf);
|   ;
|   return 0;
| }
configure:9127: gcc -c  -pipe  conftest.c >&5
configure:9133: $? = 0
configure:9137: test -z 
			 || test ! -s conftest.err
configure:9140: $? = 0
configure:9143: test -s conftest.o
configure:9146: $? = 0
configure:9189: gcc -c  -pipe  conftest.c >&5
conftest.c: In function 'main':
conftest.c:30: error: 'open64' undeclared (first use in this function)
conftest.c:30: error: (Each undeclared identifier is reported only once
conftest.c:30: error: for each function it appears in.)
configure:9195: $? = 1
configure: failed program was:
| /* confdefs.h.  */
| 
| #define PACKAGE_NAME "tcc"
| #define PACKAGE_TARNAME "tcc"
| #define PACKAGE_VERSION "0.2"
| #define PACKAGE_STRING "tcc 0.2"
| #define PACKAGE_BUGREPORT ""
| #define STDC_HEADERS 1
| #define HAVE_SYS_TYPES_H 1
| #define HAVE_SYS_STAT_H 1
| #define HAVE_STDLIB_H 1
| #define HAVE_STRING_H 1
| #define HAVE_MEMORY_H 1
| #define HAVE_STRINGS_H 1
| #define HAVE_INTTYPES_H 1
| #define HAVE_STDINT_H 1
| #define HAVE_UNISTD_H 1
| #define HAVE_LIMITS_H 1
| #define HAVE_SYS_PARAM_H 1
| #define USE_THREAD_ALLOC 1
| #define _REENTRANT 1
| #define _THREAD_SAFE 1
| #define TCL_THREADS 1
| #define _LARGEFILE64_SOURCE 1
| /* end confdefs.h.  */
| #include <sys/stat.h>
| int
| main ()
| {
| char *p = (char *)open64;
|   ;
|   return 0;
| }
configure:9232: gcc -c  -pipe  conftest.c >&5
conftest.c: In function 'main':
conftest.c:31: error: 'open64' undeclared (first use in this function)
conftest.c:31: error: (Each undeclared identifier is reported only once
conftest.c:31: error: for each function it appears in.)
configure:9238: $? = 1
configure: failed program was:
| /* confdefs.h.  */
| 
| #define PACKAGE_NAME "tcc"
| #define PACKAGE_TARNAME "tcc"
| #define PACKAGE_VERSION "0.2"
| #define PACKAGE_STRING "tcc 0.2"
| #define PACKAGE_BUGREPORT ""
| #define STDC_HEADERS 1
| #define HAVE_SYS_TYPES_H 1
| #define HAVE_SYS_STAT_H 1
| #define HAVE_STDLIB_H 1
| #define HAVE_STRING_H 1
| #define HAVE_MEMORY_H 1
| #define HAVE_STRINGS_H 1
| #define HAVE_INTTYPES_H 1
| #define HAVE_STDINT_H 1
| #define HAVE_UNISTD_H 1
| #define HAVE_LIMITS_H 1
| #define HAVE_SYS_PARAM_H 1
| #define USE_THREAD_ALLOC 1
| #define _REENTRANT 1
| #define _THREAD_SAFE 1
| #define TCL_THREADS 1
| #define _LARGEFILE64_SOURCE 1
| /* end confdefs.h.  */
| #define _LARGEFILE_SOURCE64 1
| #include <sys/stat.h>
| int
| main ()
| {
| char *p = (char *)open64;
|   ;
|   return 0;
| }
configure:9278: result:  _LARGEFILE64_SOURCE
configure:9283: checking for 64-bit integer type
configure:9307: gcc -c  -pipe  conftest.c >&5
conftest.c: In function 'main':
conftest.c:30: error: '__int64' undeclared (first use in this function)
conftest.c:30: error: (Each undeclared identifier is reported only once
conftest.c:30: error: for each function it appears in.)
conftest.c:30: error: expected ';' before 'value'
configure:9313: $? = 1
configure: failed program was:
| /* confdefs.h.  */
| 
| #define PACKAGE_NAME "tcc"
| #define PACKAGE_TARNAME "tcc"
| #define PACKAGE_VERSION "0.2"
| #define PACKAGE_STRING "tcc 0.2"
| #define PACKAGE_BUGREPORT ""
| #define STDC_HEADERS 1
| #define HAVE_SYS_TYPES_H 1
| #define HAVE_SYS_STAT_H 1
| #define HAVE_STDLIB_H 1
| #define HAVE_STRING_H 1
| #define HAVE_MEMORY_H 1
| #define HAVE_STRINGS_H 1
| #define HAVE_INTTYPES_H 1
| #define HAVE_STDINT_H 1
| #define HAVE_UNISTD_H 1
| #define HAVE_LIMITS_H 1
| #define HAVE_SYS_PARAM_H 1
| #define USE_THREAD_ALLOC 1
| #define _REENTRANT 1
| #define _THREAD_SAFE 1
| #define TCL_THREADS 1
| #define _LARGEFILE64_SOURCE 1
| /* end confdefs.h.  */
| 
| int
| main ()
| {
| __int64 value = (__int64) 0;
|   ;
|   return 0;
| }
configure:9357: gcc -c  -pipe  conftest.c >&5
configure:9363: $? = 0
configure:9367: test -z 
			 || test ! -s conftest.err
configure:9370: $? = 0
configure:9373: test -s conftest.o
configure:9376: $? = 0
configure:9407: result: long long
configure:9411: checking for struct dirent64
configure:9434: gcc -c  -pipe  conftest.c >&5
conftest.c:28:24: error: sys/dirent.h: No such file or directory
conftest.c: In function 'main':
conftest.c:32: error: storage size of 'p' isn't known
configure:9440: $? = 1
configure: failed program was:
| /* confdefs.h.  */
| 
| #define PACKAGE_NAME "tcc"
| #define PACKAGE_TARNAME "tcc"
| #define PACKAGE_VERSION "0.2"
| #define PACKAGE_STRING "tcc 0.2"
| #define PACKAGE_BUGREPORT ""
| #define STDC_HEADERS 1
| #define HAVE_SYS_TYPES_H 1
| #define HAVE_SYS_STAT_H 1
| #define HAVE_STDLIB_H 1
| #define HAVE_STRING_H 1
| #define HAVE_MEMORY_H 1
| #define HAVE_STRINGS_H 1
| #define HAVE_INTTYPES_H 1
| #define HAVE_STDINT_H 1
| #define HAVE_UNISTD_H 1
| #define HAVE_LIMITS_H 1
| #define HAVE_SYS_PARAM_H 1
| #define USE_THREAD_ALLOC 1
| #define _REENTRANT 1
| #define _THREAD_SAFE 1
| #define TCL_THREADS 1
| #define _LARGEFILE64_SOURCE 1
| #define TCL_WIDE_INT_TYPE long long
| /* end confdefs.h.  */
| #include <sys/types.h>
| #include <sys/dirent.h>
| int
| main ()
| {
| struct dirent64 p;
|   ;
|   return 0;
| }
configure:9464: result: no
configure:9474: checking for struct stat64
configure:9497: gcc -c  -pipe  conftest.c >&5
configure:9503: $? = 0
configure:9507: test -z 
			 || test ! -s conftest.err
configure:9510: $? = 0
configure:9513: test -s conftest.o
configure:9516: $? = 0
configure:9527: result: yes
configure:9542: checking for open64
configure:9599: gcc -o conftest  -pipe   -Wl,--export-dynamic  conftest.c  >&5
configure:9605: $? = 0
configure:9609: test -z 
			 || test ! -s conftest.err
configure:9612: $? = 0
configure:9615: test -s conftest
configure:9618: $? = 0
configure:9630: result: yes
configure:9542: checking for lseek64
configure:9599: gcc -o conftest  -pipe   -Wl,--export-dynamic  conftest.c  >&5
configure:9605: $? = 0
configure:9609: test -z 
			 || test ! -s conftest.err
configure:9612: $? = 0
configure:9615: test -s conftest
configure:9618: $? = 0
configure:9630: result: yes
configure:9640: checking for off64_t
configure:9663: gcc -c  -pipe  conftest.c >&5
configure:9669: $? = 0
configure:9673: test -z 
			 || test ! -s conftest.err
configure:9676: $? = 0
configure:9679: test -s conftest.o
configure:9682: $? = 0
configure:9702: result: yes
configure:9718: checking for build with symbols
configure:9731: result: no
configure:9870: checking for tclsh
configure:9897: result: /usr/bin/tclsh8.5
configure:10037: creating ./config.status

## ---------------------- ##
## Running config.status. ##
## ---------------------- ##

This file was extended by tcc config.status 0.2, which was
generated by GNU Autoconf 2.59.  Invocation command line was

  CONFIG_FILES    = 
  CONFIG_HEADERS  = 
  CONFIG_LINKS    = 
  CONFIG_COMMANDS = 
  $ ./config.status 

on mjanssen-laptop

config.status:696: creating Makefile
config.status:696: creating pkgIndex.tcl

## ---------------- ##
## Cache variables. ##
## ---------------- ##

ac_cv_c_bigendian=no
ac_cv_c_compiler_gnu=yes
ac_cv_c_tclconfig=/usr/lib
ac_cv_c_tclh=/usr/include
ac_cv_env_CC_set=
ac_cv_env_CC_value=
ac_cv_env_CFLAGS_set=
ac_cv_env_CFLAGS_value=
ac_cv_env_CPPFLAGS_set=
ac_cv_env_CPPFLAGS_value=
ac_cv_env_CPP_set=
ac_cv_env_CPP_value=
ac_cv_env_LDFLAGS_set=
ac_cv_env_LDFLAGS_value=
ac_cv_env_build_alias_set=
ac_cv_env_build_alias_value=
ac_cv_env_host_alias_set=
ac_cv_env_host_alias_value=
ac_cv_env_target_alias_set=
ac_cv_env_target_alias_value=
ac_cv_exeext=
ac_cv_func_connect=yes
ac_cv_func_gethostbyname=yes
ac_cv_func_lseek64=yes
ac_cv_func_open64=yes
ac_cv_func_sin=no
ac_cv_header_dlfcn_h=yes
ac_cv_header_errno_h=yes
ac_cv_header_float_h=yes
ac_cv_header_inttypes_h=yes
ac_cv_header_limits_h=yes
ac_cv_header_memory_h=yes
ac_cv_header_net_errno_h=no
ac_cv_header_stdc=yes
ac_cv_header_stdint_h=yes
ac_cv_header_stdlib_h=yes
ac_cv_header_string_h=yes
ac_cv_header_strings_h=yes
ac_cv_header_sys_param_h=yes
ac_cv_header_sys_stat_h=yes
ac_cv_header_sys_types_h=yes
ac_cv_header_sys_wait_h=yes
ac_cv_header_unistd_h=yes
ac_cv_header_values_h=yes
ac_cv_lib_dl_dlopen=yes
ac_cv_lib_ieee_main=yes
ac_cv_lib_inet_main=no
ac_cv_lib_pthread_pthread_mutex_init=yes
ac_cv_objext=o
ac_cv_path_install='/usr/bin/install -c'
ac_cv_prog_AR=ar
ac_cv_prog_CPP='gcc -E'
ac_cv_prog_ac_ct_CC=gcc
ac_cv_prog_ac_ct_RANLIB=ranlib
ac_cv_prog_cc_g=yes
ac_cv_prog_cc_stdc=
ac_cv_prog_egrep='grep -E'
ac_cv_prog_make_make_set=yes
tcl_cv_cc_pipe=yes
tcl_cv_dirent_h=yes
tcl_cv_flag__isoc99_source=no
tcl_cv_flag__largefile64_source=yes
tcl_cv_flag__largefile_source64=no
tcl_cv_struct_dirent64=no
tcl_cv_struct_stat64=yes
tcl_cv_sys_version=Linux-2.6.22-12-generic
tcl_cv_type_64bit='long long'
tcl_cv_type_off64_t=yes

## ----------------- ##
## Output variables. ##
## ----------------- ##

AR='ar'
CC='gcc'
CELIB_DIR=''
CFLAGS=' -pipe ${CFLAGS_DEFAULT} ${CFLAGS_WARNING} ${SHLIB_CFLAGS} '
CFLAGS_DEBUG='-g'
CFLAGS_DEFAULT='-O2 -fomit-frame-pointer'
CFLAGS_OPTIMIZE='-O2 -fomit-frame-pointer'
CFLAGS_WARNING='-Wall -Wno-implicit-int'
CLEANFILES=''
CPP='gcc -E'
CPPFLAGS=''
CYGPATH='echo'
DEFS='-DPACKAGE_NAME=\"tcc\" -DPACKAGE_TARNAME=\"tcc\" -DPACKAGE_VERSION=\"0.2\" -DPACKAGE_STRING=\"tcc\ 0.2\" -DPACKAGE_BUGREPORT=\"\" -DSTDC_HEADERS=1 -DHAVE_SYS_TYPES_H=1 -DHAVE_SYS_STAT_H=1 -DHAVE_STDLIB_H=1 -DHAVE_STRING_H=1 -DHAVE_MEMORY_H=1 -DHAVE_STRINGS_H=1 -DHAVE_INTTYPES_H=1 -DHAVE_STDINT_H=1 -DHAVE_UNISTD_H=1 -DHAVE_LIMITS_H=1 -DHAVE_SYS_PARAM_H=1 -DUSE_THREAD_ALLOC=1 -D_REENTRANT=1 -D_THREAD_SAFE=1 -DTCL_THREADS=1 -D_LARGEFILE64_SOURCE=1 -DTCL_WIDE_INT_TYPE=long\ long -DHAVE_STRUCT_STAT64=1 -DHAVE_OPEN64=1 -DHAVE_LSEEK64=1 -DHAVE_TYPE_OFF64_T=1 -DUSE_TCL_STUBS=1 '
DL_LIBS='-ldl'
ECHO_C=''
ECHO_N='-n'
ECHO_T=''
EGREP='grep -E'
EXEEXT=''
INSTALL_DATA='${INSTALL} -m 644'
INSTALL_PROGRAM='${INSTALL}'
INSTALL_SCRIPT='${INSTALL}'
LDFLAGS=' -Wl,--export-dynamic '
LDFLAGS_DEFAULT=' -Wl,--export-dynamic '
LD_LIBRARY_PATH_VAR='LD_LIBRARY_PATH'
LIBOBJS=''
LIBS=''
LTLIBOBJS=''
MAKE_LIB='${SHLIB_LD} -o $@ $(PKG_OBJECTS) ${SHLIB_LD_LIBS} '
MAKE_SHARED_LIB='${SHLIB_LD} -o $@ $(PKG_OBJECTS) ${SHLIB_LD_LIBS}'
MAKE_STATIC_LIB='${STLIB_LD} $@ $(PKG_OBJECTS)'
MAKE_STUB_LIB='${STLIB_LD} $@ $(PKG_STUB_OBJECTS)'
MATH_LIBS='-lieee -lm'
OBJEXT='o'
PACKAGE_BUGREPORT=''
PACKAGE_NAME='tcc'
PACKAGE_STRING='tcc 0.2'
PACKAGE_TARNAME='tcc'
PACKAGE_VERSION='0.2'
PATH_SEPARATOR=':'
PKG_CFLAGS=' -DLIBTCC'
PKG_HEADERS=''
PKG_INCLUDES=''
PKG_LIBS=''
PKG_LIB_FILE='libtcc0.2.so'
PKG_OBJECTS=' tcc.o'
PKG_SOURCES=' tcc.c'
PKG_STUB_LIB_FILE='libtccstub0.2.a'
PKG_STUB_OBJECTS=''
PKG_STUB_SOURCES=''
PKG_TCL_SOURCES=''
RANLIB=':'
RANLIB_STUB='ranlib'
SET_MAKE=''
SHARED_BUILD='1'
SHELL='/bin/bash'
SHLIB_CFLAGS='-fPIC'
SHLIB_LD='${CC} -shared ${CFLAGS} ${LDFLAGS_DEFAULT}'
SHLIB_LD_LIBS='${LIBS} -L/usr/lib -ltclstub8.5'
STLIB_LD='${AR} cr'
TCLSH_PROG='/usr/bin/tclsh8.5'
TCL_BIN_DIR='/usr/lib'
TCL_DBGX=''
TCL_DEFS='-DPACKAGE_NAME=\"tcl\" -DPACKAGE_TARNAME=\"tcl\" -DPACKAGE_VERSION=\"8.5\" -DPACKAGE_STRING=\"tcl\ 8.5\" -DPACKAGE_BUGREPORT=\"\" -DSTDC_HEADERS=1 -DHAVE_SYS_TYPES_H=1 -DHAVE_SYS_STAT_H=1 -DHAVE_STDLIB_H=1 -DHAVE_STRING_H=1 -DHAVE_MEMORY_H=1 -DHAVE_STRINGS_H=1 -DHAVE_INTTYPES_H=1 -DHAVE_STDINT_H=1 -DHAVE_UNISTD_H=1 -DHAVE_LIMITS_H=1 -DHAVE_SYS_PARAM_H=1 -DUSE_THREAD_ALLOC=1 -D_REENTRANT=1 -D_THREAD_SAFE=1 -DHAVE_PTHREAD_ATTR_SETSTACKSIZE=1 -DHAVE_PTHREAD_GETATTR_NP=1 -DGETATTRNP_NOT_DECLARED=1 -DTCL_THREADS=1 -DTCL_CFGVAL_ENCODING=\"iso8859-1\" -DMODULE_SCOPE=extern\ __attribute__\(\(__visibility__\(\"hidden\"\)\)\) -DPEEK_XCLOSEIM=1 -DTCL_SHLIB_EXT=\".so\" -DTCL_CFG_OPTIMIZED=1 -DTCL_CFG_DEBUG=1 -DTCL_TOMMATH=1 -DMP_PREC=4 -D_LARGEFILE64_SOURCE=1 -DTCL_WIDE_INT_TYPE=long\ long -DHAVE_STRUCT_STAT64=1 -DHAVE_OPEN64=1 -DHAVE_LSEEK64=1 -DHAVE_TYPE_OFF64_T=1 -DHAVE_GETCWD=1 -DHAVE_OPENDIR=1 -DHAVE_STRTOL=1 -DHAVE_STRTOLL=1 -DHAVE_STRTOULL=1 -DHAVE_TMPNAM=1 -DHAVE_WAITPID=1 -DHAVE_GETPWUID_R_5=1 -DHAVE_GETPWUID_R=1 -DHAVE_GETPWNAM_R_5=1 -DHAVE_GETPWNAM_R=1 -DHAVE_GETGRGID_R_5=1 -DHAVE_GETGRGID_R=1 -DHAVE_GETGRNAM_R_5=1 -DHAVE_GETGRNAM_R=1 -DHAVE_GETHOSTBYNAME_R_6=1 -DHAVE_GETHOSTBYNAME_R=1 -DHAVE_GETHOSTBYADDR_R_8=1 -DHAVE_GETHOSTBYADDR_R=1 -DUSE_TERMIOS=1 -DHAVE_SYS_TIME_H=1 -DTIME_WITH_SYS_TIME=1 -DHAVE_STRUCT_TM_TM_ZONE=1 -DHAVE_TM_ZONE=1 -DHAVE_GMTIME_R=1 -DHAVE_LOCALTIME_R=1 -DHAVE_MKTIME=1 -DHAVE_TM_GMTOFF=1 -DHAVE_TIMEZONE_VAR=1 -DHAVE_STRUCT_STAT_ST_BLKSIZE=1 -DHAVE_ST_BLKSIZE=1 -DHAVE_INTPTR_T=1 -DHAVE_UINTPTR_T=1 -DHAVE_SIGNED_CHAR=1 -DHAVE_LANGINFO=1 -DHAVE_SYS_IOCTL_H=1 -DTCL_UNLOAD_DLLS=1 '
TCL_EXTRA_CFLAGS=' -pipe '
TCL_INCLUDES='-I"/usr/include"'
TCL_LD_FLAGS=' -Wl,--export-dynamic '
TCL_LIBS='${DL_LIBS} ${LIBS} ${MATH_LIBS}'
TCL_LIB_FILE='libtcl8.5.so'
TCL_LIB_FLAG='-ltcl8.5'
TCL_LIB_SPEC='-L/usr/lib -ltcl8.5'
TCL_SHLIB_LD_LIBS='${LIBS}'
TCL_SRC_DIR='/home/mjanssen/build/tcl'
TCL_STUB_LIB_FILE='libtclstub8.5.a'
TCL_STUB_LIB_FLAG='-ltclstub8.5'
TCL_STUB_LIB_SPEC='-L/usr/lib -ltclstub8.5'
TCL_THREADS='1'
TCL_VERSION='8.5'
ac_ct_CC='gcc'
ac_ct_RANLIB='ranlib'
bindir='${exec_prefix}/bin'
build_alias=''
datadir='${prefix}/share'
exec_prefix='/usr'
host_alias=''
includedir='${prefix}/include'
infodir='${prefix}/info'
libdir='${exec_prefix}/lib'
libexecdir='${exec_prefix}/libexec'
localstatedir='${prefix}/var'
mandir='${prefix}/man'
oldincludedir='/usr/include'
prefix='/usr'
program_transform_name='s,x,x,'
sbindir='${exec_prefix}/sbin'
sharedstatedir='${prefix}/com'
sysconfdir='${prefix}/etc'
target_alias=''

## ----------- ##
## confdefs.h. ##
## ----------- ##

#define HAVE_INTTYPES_H 1
#define HAVE_LIMITS_H 1
#define HAVE_LSEEK64 1
#define HAVE_MEMORY_H 1
#define HAVE_OPEN64 1
#define HAVE_STDINT_H 1
#define HAVE_STDLIB_H 1
#define HAVE_STRINGS_H 1
#define HAVE_STRING_H 1
#define HAVE_STRUCT_STAT64 1
#define HAVE_SYS_PARAM_H 1
#define HAVE_SYS_STAT_H 1
#define HAVE_SYS_TYPES_H 1
#define HAVE_TYPE_OFF64_T 1
#define HAVE_UNISTD_H 1
#define PACKAGE_BUGREPORT ""
#define PACKAGE_NAME "tcc"
#define PACKAGE_STRING "tcc 0.2"
#define PACKAGE_TARNAME "tcc"
#define PACKAGE_VERSION "0.2"
#define STDC_HEADERS 1
#define TCL_THREADS 1
#define TCL_WIDE_INT_TYPE long long
#define USE_TCL_STUBS 1
#define USE_THREAD_ALLOC 1
#define _LARGEFILE64_SOURCE 1
#define _REENTRANT 1
#define _THREAD_SAFE 1

configure: exit 0
